<!DOCTYPE html>

<html>
  <head>
  <meta charset='utf-8'>
  <title>TestNG reports</title>

    <link type="text/css" href="testng-reports.css" rel="stylesheet" />  
    <script type="text/javascript" src="jquery-1.7.1.min.js"></script>
    <script type="text/javascript" src="testng-reports.js"></script>
    <script type="text/javascript" src="https://www.google.com/jsapi"></script>
    <script type='text/javascript'>
      google.load('visualization', '1', {packages:['table']});
      google.setOnLoadCallback(drawTable);
      var suiteTableInitFunctions = new Array();
      var suiteTableData = new Array();
    </script>
    <!--
      <script type="text/javascript" src="jquery-ui/js/jquery-ui-1.8.16.custom.min.js"></script>
     -->
  </head>

  <body>
    <div class="top-banner-root">
      <span class="top-banner-title-font">Test results</span>
      <br/>
      <span class="top-banner-font-1">1 suite, 9 failed tests</span>
    </div> <!-- top-banner-root -->
    <div class="navigator-root">
      <div class="navigator-suite-header">
        <span>All suites</span>
        <a href="#" class="collapse-all-link" title="Collapse/expand all the suites">
          <img class="collapse-all-icon" src="collapseall.gif">
          </img> <!-- collapse-all-icon -->
        </a> <!-- collapse-all-link -->
      </div> <!-- navigator-suite-header -->
      <div class="suite">
        <div class="rounded-window">
          <div class="suite-header light-rounded-window-top">
            <a href="#" class="navigator-link" panel-name="suite-Navigator">
              <span class="suite-name border-failed">Navigator</span>
            </a> <!-- navigator-link -->
          </div> <!-- suite-header light-rounded-window-top -->
          <div class="navigator-suite-content">
            <div class="suite-section-title">
              <span>Info</span>
            </div> <!-- suite-section-title -->
            <div class="suite-section-content">
              <ul>
                <li>
                  <a href="#" class="navigator-link " panel-name="test-xml-Navigator">
                    <span>C:\Users\nastel3\git\NavigatorGUI\Schedule.xml</span>
                  </a> <!-- navigator-link  -->
                </li>
                <li>
                  <a href="#" class="navigator-link " panel-name="testlist-Navigator">
                    <span class="test-stats">2 tests</span>
                  </a> <!-- navigator-link  -->
                </li>
                <li>
                  <a href="#" class="navigator-link " panel-name="group-Navigator">
                    <span>0 groups</span>
                  </a> <!-- navigator-link  -->
                </li>
                <li>
                  <a href="#" class="navigator-link " panel-name="times-Navigator">
                    <span>Times</span>
                  </a> <!-- navigator-link  -->
                </li>
                <li>
                  <a href="#" class="navigator-link " panel-name="reporter-Navigator">
                    <span>Reporter output</span>
                  </a> <!-- navigator-link  -->
                </li>
                <li>
                  <a href="#" class="navigator-link " panel-name="ignored-methods-Navigator">
                    <span>Ignored methods</span>
                  </a> <!-- navigator-link  -->
                </li>
                <li>
                  <a href="#" class="navigator-link " panel-name="chronological-Navigator">
                    <span>Chronological view</span>
                  </a> <!-- navigator-link  -->
                </li>
              </ul>
            </div> <!-- suite-section-content -->
            <div class="result-section">
              <div class="suite-section-title">
                <span>Results</span>
              </div> <!-- suite-section-title -->
              <div class="suite-section-content">
                <ul>
                  <li>
                    <span class="method-stats">12 methods, 9 failed,   3 passed</span>
                  </li>
                  <li>
                    <span class="method-list-title failed">Failed methods</span>
                    <span class="show-or-hide-methods failed">
                      <a href="#" panel-name="suite-Navigator" class="hide-methods failed suite-Navigator"> (hide)</a> <!-- hide-methods failed suite-Navigator -->
                      <a href="#" panel-name="suite-Navigator" class="show-methods failed suite-Navigator"> (show)</a> <!-- show-methods failed suite-Navigator -->
                    </span>
                    <div class="method-list-content failed suite-Navigator">
                      <span>
                        <img width="3%" src="failed.png"/>
                        <a href="#" class="method navigator-link" panel-name="suite-Navigator" title="ApodGUI.Scheduling" hash-for-method="BridgeScheduling(ScheduleViewletObject, Apr, 2028, org.testng.TestRunner@740fb309)">BridgeScheduling(ScheduleViewletObject, Apr, 2028, org.testng.TestRunner@740fb309)</a> <!-- method navigator-link -->
                      </span>
                      <br/>
                      <span>
                        <img width="3%" src="failed.png"/>
                        <a href="#" class="method navigator-link" panel-name="suite-Navigator" title="ApodGUI.Scheduling" hash-for-method="ChannelScheduling(ScheduleViewletObject, Apr, 2028, org.testng.TestRunner@740fb309)">ChannelScheduling(ScheduleViewletObject, Apr, 2028, org.testng.TestRunner@740fb309)</a> <!-- method navigator-link -->
                      </span>
                      <br/>
                      <span>
                        <img width="3%" src="failed.png"/>
                        <a href="#" class="method navigator-link" panel-name="suite-Navigator" title="ApodGUI.Scheduling" hash-for-method="DurableScheduling(ScheduleViewletObject, Apr, 2028, org.testng.TestRunner@740fb309)">DurableScheduling(ScheduleViewletObject, Apr, 2028, org.testng.TestRunner@740fb309)</a> <!-- method navigator-link -->
                      </span>
                      <br/>
                      <span>
                        <img width="3%" src="failed.png"/>
                        <a href="#" class="method navigator-link" panel-name="suite-Navigator" title="ApodGUI.Scheduling" hash-for-method="ListenerScheduling(ScheduleViewletObject, Apr, 2028, org.testng.TestRunner@740fb309)">ListenerScheduling(ScheduleViewletObject, Apr, 2028, org.testng.TestRunner@740fb309)</a> <!-- method navigator-link -->
                      </span>
                      <br/>
                      <span>
                        <img width="3%" src="failed.png"/>
                        <a href="#" class="method navigator-link" panel-name="suite-Navigator" title="ApodGUI.Scheduling" hash-for-method="ProcessScheduling(ScheduleViewletObject, Apr, 2028, org.testng.TestRunner@740fb309)">ProcessScheduling(ScheduleViewletObject, Apr, 2028, org.testng.TestRunner@740fb309)</a> <!-- method navigator-link -->
                      </span>
                      <br/>
                      <span>
                        <img width="3%" src="failed.png"/>
                        <a href="#" class="method navigator-link" panel-name="suite-Navigator" title="ApodGUI.Scheduling" hash-for-method="QueuesScheduling(ScheduleViewletObject, Apr, 2028, org.testng.TestRunner@740fb309)">QueuesScheduling(ScheduleViewletObject, Apr, 2028, org.testng.TestRunner@740fb309)</a> <!-- method navigator-link -->
                      </span>
                      <br/>
                      <span>
                        <img width="3%" src="failed.png"/>
                        <a href="#" class="method navigator-link" panel-name="suite-Navigator" title="ApodGUI.Scheduling" hash-for-method="RouteScheduling(ScheduleViewletObject, Apr, 2028, org.testng.TestRunner@740fb309)">RouteScheduling(ScheduleViewletObject, Apr, 2028, org.testng.TestRunner@740fb309)</a> <!-- method navigator-link -->
                      </span>
                      <br/>
                      <span>
                        <img width="3%" src="failed.png"/>
                        <a href="#" class="method navigator-link" panel-name="suite-Navigator" title="ApodGUI.Scheduling" hash-for-method="SubScriptionScheduling(ScheduleViewletObject, Apr, 2028, org.testng.TestRunner@740fb309)">SubScriptionScheduling(ScheduleViewletObject, Apr, 2028, org.testng.TestRunner@740fb309)</a> <!-- method navigator-link -->
                      </span>
                      <br/>
                      <span>
                        <img width="3%" src="failed.png"/>
                        <a href="#" class="method navigator-link" panel-name="suite-Navigator" title="ApodGUI.Scheduling" hash-for-method="TopicScheduling(ScheduleViewletObject, Apr, 2028, org.testng.TestRunner@740fb309)">TopicScheduling(ScheduleViewletObject, Apr, 2028, org.testng.TestRunner@740fb309)</a> <!-- method navigator-link -->
                      </span>
                      <br/>
                    </div> <!-- method-list-content failed suite-Navigator -->
                  </li>
                  <li>
                    <span class="method-list-title passed">Passed methods</span>
                    <span class="show-or-hide-methods passed">
                      <a href="#" panel-name="suite-Navigator" class="hide-methods passed suite-Navigator"> (hide)</a> <!-- hide-methods passed suite-Navigator -->
                      <a href="#" panel-name="suite-Navigator" class="show-methods passed suite-Navigator"> (show)</a> <!-- show-methods passed suite-Navigator -->
                    </span>
                    <div class="method-list-content passed suite-Navigator">
                      <span>
                        <img width="3%" src="passed.png"/>
                        <a href="#" class="method navigator-link" panel-name="suite-Navigator" title="ApodGUI.Scheduling" hash-for-method="Login(webdriver.chrome.driver, Drivers/chromedriver.exe, Scheduling)">Login(webdriver.chrome.driver, Drivers/chromedriver.exe, Scheduling)</a> <!-- method navigator-link -->
                      </span>
                      <br/>
                      <span>
                        <img width="3%" src="passed.png"/>
                        <a href="#" class="method navigator-link" panel-name="suite-Navigator" title="ApodGUI.Scheduling" hash-for-method="Logout">Logout</a> <!-- method navigator-link -->
                      </span>
                      <br/>
                      <span>
                        <img width="3%" src="passed.png"/>
                        <a href="#" class="method navigator-link" panel-name="suite-Navigator" title="ApodGUI.Scheduling" hash-for-method="ManagerScheduling(ScheduleViewletObject, Apr, 2028, org.testng.TestRunner@740fb309)">ManagerScheduling(ScheduleViewletObject, Apr, 2028, org.testng.TestRunner@740fb309)</a> <!-- method navigator-link -->
                      </span>
                      <br/>
                    </div> <!-- method-list-content passed suite-Navigator -->
                  </li>
                </ul>
              </div> <!-- suite-section-content -->
            </div> <!-- result-section -->
          </div> <!-- navigator-suite-content -->
        </div> <!-- rounded-window -->
      </div> <!-- suite -->
    </div> <!-- navigator-root -->
    <div class="wrapper">
      <div class="main-panel-root">
        <div panel-name="suite-Navigator" class="panel Navigator">
          <div class="suite-Navigator-class-failed">
            <div class="main-panel-header rounded-window-top">
              <img src="failed.png"/>
              <span class="class-name">ApodGUI.Scheduling</span>
            </div> <!-- main-panel-header rounded-window-top -->
            <div class="main-panel-content rounded-window-bottom">
              <div class="method">
                <div class="method-content">
                  <a name="BridgeScheduling(ScheduleViewletObject, Apr, 2028, org.testng.TestRunner@740fb309)">
                  </a> <!-- BridgeScheduling(ScheduleViewletObject, Apr, 2028, org.testng.TestRunner@740fb309) -->
                  <span class="method-name">BridgeScheduling</span>
                  <span class="parameters">(ScheduleViewletObject, Apr, 2028, org.testng.TestRunner@740fb309)</span>
                  <div class="stack-trace">org.openqa.selenium.NoSuchElementException: no such element: Unable to locate element: {&quot;method&quot;:&quot;xpath&quot;,&quot;selector&quot;:&quot;/html/body/app-root/div/app-main-page/div/app-tab/div/div/div[1]/app-viewlet/div/ngx-datatable/div/datatable-body/datatable-selection/datatable-scroller/datatable-row-wrapper[1]/datatable-body-row/div[2]/datatable-body-cell[1]/div/input&quot;}
  (Session info: chrome=76.0.3809.100)
  (Driver info: chromedriver=2.41.578737 (49da6702b16031c40d63e5618de03a32ff6c197e),platform=Windows NT 10.0.17134 x86_64) (WARNING: The server did not provide any stacktrace information)
Command duration or timeout: 0 milliseconds
For documentation on this error, please visit: http://seleniumhq.org/exceptions/no_such_element.html
Build info: version: &apos;3.14.0&apos;, revision: &apos;aacccce0&apos;, time: &apos;2018-08-02T20:05:20.749Z&apos;
System info: host: &apos;DESKTOP-7T1JQ3H&apos;, ip: &apos;172.30.192.1&apos;, os.name: &apos;Windows 10&apos;, os.arch: &apos;amd64&apos;, os.version: &apos;10.0&apos;, java.version: &apos;1.8.0_191&apos;
Driver info: org.openqa.selenium.chrome.ChromeDriver
Capabilities {acceptInsecureCerts: false, acceptSslCerts: false, applicationCacheEnabled: false, browserConnectionEnabled: false, browserName: chrome, chrome: {chromedriverVersion: 2.41.578737 (49da6702b16031..., userDataDir: C:\Users\nastel3\AppData\Lo...}, cssSelectorsEnabled: true, databaseEnabled: false, goog:chromeOptions: {debuggerAddress: localhost:57210}, handlesAlerts: true, hasTouchScreen: false, javascriptEnabled: true, locationContextEnabled: true, mobileEmulationEnabled: false, nativeEvents: true, networkConnectionEnabled: false, pageLoadStrategy: normal, platform: XP, platformName: XP, rotatable: false, setWindowRect: true, takesHeapSnapshot: true, takesScreenshot: true, unexpectedAlertBehaviour: , unhandledPromptBehavior: , version: 76.0.3809.100, webStorageEnabled: true}
Session ID: 3faee4278af7759ff1aadfab895ddc41
*** Element info: {Using=xpath, value=/html/body/app-root/div/app-main-page/div/app-tab/div/div/div[1]/app-viewlet/div/ngx-datatable/div/datatable-body/datatable-selection/datatable-scroller/datatable-row-wrapper[1]/datatable-body-row/div[2]/datatable-body-cell[1]/div/input}
	at org.openqa.selenium.remote.ErrorHandler.createThrowable(ErrorHandler.java:214)
	at org.openqa.selenium.remote.ErrorHandler.throwIfResponseFailed(ErrorHandler.java:166)
	at org.openqa.selenium.remote.http.JsonHttpResponseCodec.reconstructValue(JsonHttpResponseCodec.java:40)
	at org.openqa.selenium.remote.http.AbstractHttpResponseCodec.decode(AbstractHttpResponseCodec.java:80)
	at org.openqa.selenium.remote.http.AbstractHttpResponseCodec.decode(AbstractHttpResponseCodec.java:44)
	at org.openqa.selenium.remote.HttpCommandExecutor.execute(HttpCommandExecutor.java:158)
	at org.openqa.selenium.remote.service.DriverCommandExecutor.execute(DriverCommandExecutor.java:83)
	at org.openqa.selenium.remote.RemoteWebDriver.execute(RemoteWebDriver.java:548)
	at org.openqa.selenium.remote.RemoteWebDriver.findElement(RemoteWebDriver.java:322)
	at org.openqa.selenium.remote.RemoteWebDriver.findElementByXPath(RemoteWebDriver.java:424)
	at org.openqa.selenium.By$ByXPath.findElement(By.java:353)
	at org.openqa.selenium.remote.RemoteWebDriver.findElement(RemoteWebDriver.java:314)
	at ApodGUI.Scheduling.BridgeScheduling(Scheduling.java:346)
... Removed 28 stack frames
</div> <!-- stack-trace -->
                </div> <!-- method-content -->
              </div> <!-- method -->
              <div class="method">
                <div class="method-content">
                  <a name="ChannelScheduling(ScheduleViewletObject, Apr, 2028, org.testng.TestRunner@740fb309)">
                  </a> <!-- ChannelScheduling(ScheduleViewletObject, Apr, 2028, org.testng.TestRunner@740fb309) -->
                  <span class="method-name">ChannelScheduling</span>
                  <span class="parameters">(ScheduleViewletObject, Apr, 2028, org.testng.TestRunner@740fb309)</span>
                  <div class="stack-trace">org.openqa.selenium.WebDriverException: unknown error: Element &lt;div _ngcontent-c21=&quot;&quot; class=&quot;fa fa-angle-down fa-2x arrow ng-star-inserted&quot; data-arrow=&quot;viewletArrow&quot; id=&quot;dropdownMenuButton&quot;&gt;&lt;/div&gt; is not clickable at point (1866, 185). Other element would receive the click: &lt;ngb-modal-window role=&quot;dialog&quot; tabindex=&quot;-1&quot; class=&quot;modal fade show d-block&quot;&gt;...&lt;/ngb-modal-window&gt;
  (Session info: chrome=76.0.3809.100)
  (Driver info: chromedriver=2.41.578737 (49da6702b16031c40d63e5618de03a32ff6c197e),platform=Windows NT 10.0.17134 x86_64) (WARNING: The server did not provide any stacktrace information)
Command duration or timeout: 0 milliseconds
Build info: version: &apos;3.14.0&apos;, revision: &apos;aacccce0&apos;, time: &apos;2018-08-02T20:05:20.749Z&apos;
System info: host: &apos;DESKTOP-7T1JQ3H&apos;, ip: &apos;172.30.192.1&apos;, os.name: &apos;Windows 10&apos;, os.arch: &apos;amd64&apos;, os.version: &apos;10.0&apos;, java.version: &apos;1.8.0_191&apos;
Driver info: org.openqa.selenium.chrome.ChromeDriver
Capabilities {acceptInsecureCerts: false, acceptSslCerts: false, applicationCacheEnabled: false, browserConnectionEnabled: false, browserName: chrome, chrome: {chromedriverVersion: 2.41.578737 (49da6702b16031..., userDataDir: C:\Users\nastel3\AppData\Lo...}, cssSelectorsEnabled: true, databaseEnabled: false, goog:chromeOptions: {debuggerAddress: localhost:57210}, handlesAlerts: true, hasTouchScreen: false, javascriptEnabled: true, locationContextEnabled: true, mobileEmulationEnabled: false, nativeEvents: true, networkConnectionEnabled: false, pageLoadStrategy: normal, platform: XP, platformName: XP, rotatable: false, setWindowRect: true, takesHeapSnapshot: true, takesScreenshot: true, unexpectedAlertBehaviour: , unhandledPromptBehavior: , version: 76.0.3809.100, webStorageEnabled: true}
Session ID: 3faee4278af7759ff1aadfab895ddc41
	at org.openqa.selenium.remote.ErrorHandler.createThrowable(ErrorHandler.java:214)
	at org.openqa.selenium.remote.ErrorHandler.throwIfResponseFailed(ErrorHandler.java:166)
	at org.openqa.selenium.remote.http.JsonHttpResponseCodec.reconstructValue(JsonHttpResponseCodec.java:40)
	at org.openqa.selenium.remote.http.AbstractHttpResponseCodec.decode(AbstractHttpResponseCodec.java:80)
	at org.openqa.selenium.remote.http.AbstractHttpResponseCodec.decode(AbstractHttpResponseCodec.java:44)
	at org.openqa.selenium.remote.HttpCommandExecutor.execute(HttpCommandExecutor.java:158)
	at org.openqa.selenium.remote.service.DriverCommandExecutor.execute(DriverCommandExecutor.java:83)
	at org.openqa.selenium.remote.RemoteWebDriver.execute(RemoteWebDriver.java:548)
	at org.openqa.selenium.remote.RemoteWebElement.execute(RemoteWebElement.java:276)
	at org.openqa.selenium.remote.RemoteWebElement.click(RemoteWebElement.java:83)
	at ApodGUI.Scheduling.DeleteViewlet(Scheduling.java:510)
	at ApodGUI.Scheduling.ChannelScheduling(Scheduling.java:179)
... Removed 28 stack frames
</div> <!-- stack-trace -->
                </div> <!-- method-content -->
              </div> <!-- method -->
              <div class="method">
                <div class="method-content">
                  <a name="DurableScheduling(ScheduleViewletObject, Apr, 2028, org.testng.TestRunner@740fb309)">
                  </a> <!-- DurableScheduling(ScheduleViewletObject, Apr, 2028, org.testng.TestRunner@740fb309) -->
                  <span class="method-name">DurableScheduling</span>
                  <span class="parameters">(ScheduleViewletObject, Apr, 2028, org.testng.TestRunner@740fb309)</span>
                  <div class="stack-trace">org.openqa.selenium.NoSuchElementException: no such element: Unable to locate element: {&quot;method&quot;:&quot;xpath&quot;,&quot;selector&quot;:&quot;/html/body/app-root/div/app-main-page/div/app-tab/div/div/div[1]/app-viewlet/div/ngx-datatable/div/datatable-body/datatable-selection/datatable-scroller/datatable-row-wrapper[1]/datatable-body-row/div[2]/datatable-body-cell[1]/div/input&quot;}
  (Session info: chrome=76.0.3809.100)
  (Driver info: chromedriver=2.41.578737 (49da6702b16031c40d63e5618de03a32ff6c197e),platform=Windows NT 10.0.17134 x86_64) (WARNING: The server did not provide any stacktrace information)
Command duration or timeout: 0 milliseconds
For documentation on this error, please visit: http://seleniumhq.org/exceptions/no_such_element.html
Build info: version: &apos;3.14.0&apos;, revision: &apos;aacccce0&apos;, time: &apos;2018-08-02T20:05:20.749Z&apos;
System info: host: &apos;DESKTOP-7T1JQ3H&apos;, ip: &apos;172.30.192.1&apos;, os.name: &apos;Windows 10&apos;, os.arch: &apos;amd64&apos;, os.version: &apos;10.0&apos;, java.version: &apos;1.8.0_191&apos;
Driver info: org.openqa.selenium.chrome.ChromeDriver
Capabilities {acceptInsecureCerts: false, acceptSslCerts: false, applicationCacheEnabled: false, browserConnectionEnabled: false, browserName: chrome, chrome: {chromedriverVersion: 2.41.578737 (49da6702b16031..., userDataDir: C:\Users\nastel3\AppData\Lo...}, cssSelectorsEnabled: true, databaseEnabled: false, goog:chromeOptions: {debuggerAddress: localhost:57210}, handlesAlerts: true, hasTouchScreen: false, javascriptEnabled: true, locationContextEnabled: true, mobileEmulationEnabled: false, nativeEvents: true, networkConnectionEnabled: false, pageLoadStrategy: normal, platform: XP, platformName: XP, rotatable: false, setWindowRect: true, takesHeapSnapshot: true, takesScreenshot: true, unexpectedAlertBehaviour: , unhandledPromptBehavior: , version: 76.0.3809.100, webStorageEnabled: true}
Session ID: 3faee4278af7759ff1aadfab895ddc41
*** Element info: {Using=xpath, value=/html/body/app-root/div/app-main-page/div/app-tab/div/div/div[1]/app-viewlet/div/ngx-datatable/div/datatable-body/datatable-selection/datatable-scroller/datatable-row-wrapper[1]/datatable-body-row/div[2]/datatable-body-cell[1]/div/input}
	at org.openqa.selenium.remote.ErrorHandler.createThrowable(ErrorHandler.java:214)
	at org.openqa.selenium.remote.ErrorHandler.throwIfResponseFailed(ErrorHandler.java:166)
	at org.openqa.selenium.remote.http.JsonHttpResponseCodec.reconstructValue(JsonHttpResponseCodec.java:40)
	at org.openqa.selenium.remote.http.AbstractHttpResponseCodec.decode(AbstractHttpResponseCodec.java:80)
	at org.openqa.selenium.remote.http.AbstractHttpResponseCodec.decode(AbstractHttpResponseCodec.java:44)
	at org.openqa.selenium.remote.HttpCommandExecutor.execute(HttpCommandExecutor.java:158)
	at org.openqa.selenium.remote.service.DriverCommandExecutor.execute(DriverCommandExecutor.java:83)
	at org.openqa.selenium.remote.RemoteWebDriver.execute(RemoteWebDriver.java:548)
	at org.openqa.selenium.remote.RemoteWebDriver.findElement(RemoteWebDriver.java:322)
	at org.openqa.selenium.remote.RemoteWebDriver.findElementByXPath(RemoteWebDriver.java:424)
	at org.openqa.selenium.By$ByXPath.findElement(By.java:353)
	at org.openqa.selenium.remote.RemoteWebDriver.findElement(RemoteWebDriver.java:314)
	at ApodGUI.Scheduling.DurableScheduling(Scheduling.java:371)
... Removed 28 stack frames
</div> <!-- stack-trace -->
                </div> <!-- method-content -->
              </div> <!-- method -->
              <div class="method">
                <div class="method-content">
                  <a name="ListenerScheduling(ScheduleViewletObject, Apr, 2028, org.testng.TestRunner@740fb309)">
                  </a> <!-- ListenerScheduling(ScheduleViewletObject, Apr, 2028, org.testng.TestRunner@740fb309) -->
                  <span class="method-name">ListenerScheduling</span>
                  <span class="parameters">(ScheduleViewletObject, Apr, 2028, org.testng.TestRunner@740fb309)</span>
                  <div class="stack-trace">org.openqa.selenium.WebDriverException: unknown error: Element &lt;div _ngcontent-c21=&quot;&quot; class=&quot;fa fa-angle-down fa-2x arrow ng-star-inserted&quot; data-arrow=&quot;viewletArrow&quot; id=&quot;dropdownMenuButton&quot;&gt;&lt;/div&gt; is not clickable at point (1866, 185). Other element would receive the click: &lt;ngb-modal-window role=&quot;dialog&quot; tabindex=&quot;-1&quot; class=&quot;modal fade show d-block&quot;&gt;...&lt;/ngb-modal-window&gt;
  (Session info: chrome=76.0.3809.100)
  (Driver info: chromedriver=2.41.578737 (49da6702b16031c40d63e5618de03a32ff6c197e),platform=Windows NT 10.0.17134 x86_64) (WARNING: The server did not provide any stacktrace information)
Command duration or timeout: 0 milliseconds
Build info: version: &apos;3.14.0&apos;, revision: &apos;aacccce0&apos;, time: &apos;2018-08-02T20:05:20.749Z&apos;
System info: host: &apos;DESKTOP-7T1JQ3H&apos;, ip: &apos;172.30.192.1&apos;, os.name: &apos;Windows 10&apos;, os.arch: &apos;amd64&apos;, os.version: &apos;10.0&apos;, java.version: &apos;1.8.0_191&apos;
Driver info: org.openqa.selenium.chrome.ChromeDriver
Capabilities {acceptInsecureCerts: false, acceptSslCerts: false, applicationCacheEnabled: false, browserConnectionEnabled: false, browserName: chrome, chrome: {chromedriverVersion: 2.41.578737 (49da6702b16031..., userDataDir: C:\Users\nastel3\AppData\Lo...}, cssSelectorsEnabled: true, databaseEnabled: false, goog:chromeOptions: {debuggerAddress: localhost:57210}, handlesAlerts: true, hasTouchScreen: false, javascriptEnabled: true, locationContextEnabled: true, mobileEmulationEnabled: false, nativeEvents: true, networkConnectionEnabled: false, pageLoadStrategy: normal, platform: XP, platformName: XP, rotatable: false, setWindowRect: true, takesHeapSnapshot: true, takesScreenshot: true, unexpectedAlertBehaviour: , unhandledPromptBehavior: , version: 76.0.3809.100, webStorageEnabled: true}
Session ID: 3faee4278af7759ff1aadfab895ddc41
	at org.openqa.selenium.remote.ErrorHandler.createThrowable(ErrorHandler.java:214)
	at org.openqa.selenium.remote.ErrorHandler.throwIfResponseFailed(ErrorHandler.java:166)
	at org.openqa.selenium.remote.http.JsonHttpResponseCodec.reconstructValue(JsonHttpResponseCodec.java:40)
	at org.openqa.selenium.remote.http.AbstractHttpResponseCodec.decode(AbstractHttpResponseCodec.java:80)
	at org.openqa.selenium.remote.http.AbstractHttpResponseCodec.decode(AbstractHttpResponseCodec.java:44)
	at org.openqa.selenium.remote.HttpCommandExecutor.execute(HttpCommandExecutor.java:158)
	at org.openqa.selenium.remote.service.DriverCommandExecutor.execute(DriverCommandExecutor.java:83)
	at org.openqa.selenium.remote.RemoteWebDriver.execute(RemoteWebDriver.java:548)
	at org.openqa.selenium.remote.RemoteWebElement.execute(RemoteWebElement.java:276)
	at org.openqa.selenium.remote.RemoteWebElement.click(RemoteWebElement.java:83)
	at ApodGUI.Scheduling.DeleteViewlet(Scheduling.java:510)
	at ApodGUI.Scheduling.ListenerScheduling(Scheduling.java:258)
... Removed 28 stack frames
</div> <!-- stack-trace -->
                </div> <!-- method-content -->
              </div> <!-- method -->
              <div class="method">
                <div class="method-content">
                  <a name="ProcessScheduling(ScheduleViewletObject, Apr, 2028, org.testng.TestRunner@740fb309)">
                  </a> <!-- ProcessScheduling(ScheduleViewletObject, Apr, 2028, org.testng.TestRunner@740fb309) -->
                  <span class="method-name">ProcessScheduling</span>
                  <span class="parameters">(ScheduleViewletObject, Apr, 2028, org.testng.TestRunner@740fb309)</span>
                  <div class="stack-trace">org.openqa.selenium.WebDriverException: unknown error: Element &lt;div _ngcontent-c21=&quot;&quot; class=&quot;fa fa-angle-down fa-2x arrow ng-star-inserted&quot; data-arrow=&quot;viewletArrow&quot; id=&quot;dropdownMenuButton&quot;&gt;&lt;/div&gt; is not clickable at point (1866, 185). Other element would receive the click: &lt;ngb-modal-window role=&quot;dialog&quot; tabindex=&quot;-1&quot; class=&quot;modal fade show d-block&quot;&gt;...&lt;/ngb-modal-window&gt;
  (Session info: chrome=76.0.3809.100)
  (Driver info: chromedriver=2.41.578737 (49da6702b16031c40d63e5618de03a32ff6c197e),platform=Windows NT 10.0.17134 x86_64) (WARNING: The server did not provide any stacktrace information)
Command duration or timeout: 0 milliseconds
Build info: version: &apos;3.14.0&apos;, revision: &apos;aacccce0&apos;, time: &apos;2018-08-02T20:05:20.749Z&apos;
System info: host: &apos;DESKTOP-7T1JQ3H&apos;, ip: &apos;172.30.192.1&apos;, os.name: &apos;Windows 10&apos;, os.arch: &apos;amd64&apos;, os.version: &apos;10.0&apos;, java.version: &apos;1.8.0_191&apos;
Driver info: org.openqa.selenium.chrome.ChromeDriver
Capabilities {acceptInsecureCerts: false, acceptSslCerts: false, applicationCacheEnabled: false, browserConnectionEnabled: false, browserName: chrome, chrome: {chromedriverVersion: 2.41.578737 (49da6702b16031..., userDataDir: C:\Users\nastel3\AppData\Lo...}, cssSelectorsEnabled: true, databaseEnabled: false, goog:chromeOptions: {debuggerAddress: localhost:57210}, handlesAlerts: true, hasTouchScreen: false, javascriptEnabled: true, locationContextEnabled: true, mobileEmulationEnabled: false, nativeEvents: true, networkConnectionEnabled: false, pageLoadStrategy: normal, platform: XP, platformName: XP, rotatable: false, setWindowRect: true, takesHeapSnapshot: true, takesScreenshot: true, unexpectedAlertBehaviour: , unhandledPromptBehavior: , version: 76.0.3809.100, webStorageEnabled: true}
Session ID: 3faee4278af7759ff1aadfab895ddc41
	at org.openqa.selenium.remote.ErrorHandler.createThrowable(ErrorHandler.java:214)
	at org.openqa.selenium.remote.ErrorHandler.throwIfResponseFailed(ErrorHandler.java:166)
	at org.openqa.selenium.remote.http.JsonHttpResponseCodec.reconstructValue(JsonHttpResponseCodec.java:40)
	at org.openqa.selenium.remote.http.AbstractHttpResponseCodec.decode(AbstractHttpResponseCodec.java:80)
	at org.openqa.selenium.remote.http.AbstractHttpResponseCodec.decode(AbstractHttpResponseCodec.java:44)
	at org.openqa.selenium.remote.HttpCommandExecutor.execute(HttpCommandExecutor.java:158)
	at org.openqa.selenium.remote.service.DriverCommandExecutor.execute(DriverCommandExecutor.java:83)
	at org.openqa.selenium.remote.RemoteWebDriver.execute(RemoteWebDriver.java:548)
	at org.openqa.selenium.remote.RemoteWebElement.execute(RemoteWebElement.java:276)
	at org.openqa.selenium.remote.RemoteWebElement.click(RemoteWebElement.java:83)
	at ApodGUI.Scheduling.DeleteViewlet(Scheduling.java:510)
	at ApodGUI.Scheduling.ProcessScheduling(Scheduling.java:206)
... Removed 28 stack frames
</div> <!-- stack-trace -->
                </div> <!-- method-content -->
              </div> <!-- method -->
              <div class="method">
                <div class="method-content">
                  <a name="QueuesScheduling(ScheduleViewletObject, Apr, 2028, org.testng.TestRunner@740fb309)">
                  </a> <!-- QueuesScheduling(ScheduleViewletObject, Apr, 2028, org.testng.TestRunner@740fb309) -->
                  <span class="method-name">QueuesScheduling</span>
                  <span class="parameters">(ScheduleViewletObject, Apr, 2028, org.testng.TestRunner@740fb309)</span>
                  <div class="stack-trace">org.openqa.selenium.WebDriverException: unknown error: Element &lt;div _ngcontent-c21=&quot;&quot; class=&quot;fa fa-angle-down fa-2x arrow ng-star-inserted&quot; data-arrow=&quot;viewletArrow&quot; id=&quot;dropdownMenuButton&quot;&gt;&lt;/div&gt; is not clickable at point (1866, 185). Other element would receive the click: &lt;ngb-modal-window role=&quot;dialog&quot; tabindex=&quot;-1&quot; class=&quot;modal fade show d-block&quot;&gt;...&lt;/ngb-modal-window&gt;
  (Session info: chrome=76.0.3809.100)
  (Driver info: chromedriver=2.41.578737 (49da6702b16031c40d63e5618de03a32ff6c197e),platform=Windows NT 10.0.17134 x86_64) (WARNING: The server did not provide any stacktrace information)
Command duration or timeout: 0 milliseconds
Build info: version: &apos;3.14.0&apos;, revision: &apos;aacccce0&apos;, time: &apos;2018-08-02T20:05:20.749Z&apos;
System info: host: &apos;DESKTOP-7T1JQ3H&apos;, ip: &apos;172.30.192.1&apos;, os.name: &apos;Windows 10&apos;, os.arch: &apos;amd64&apos;, os.version: &apos;10.0&apos;, java.version: &apos;1.8.0_191&apos;
Driver info: org.openqa.selenium.chrome.ChromeDriver
Capabilities {acceptInsecureCerts: false, acceptSslCerts: false, applicationCacheEnabled: false, browserConnectionEnabled: false, browserName: chrome, chrome: {chromedriverVersion: 2.41.578737 (49da6702b16031..., userDataDir: C:\Users\nastel3\AppData\Lo...}, cssSelectorsEnabled: true, databaseEnabled: false, goog:chromeOptions: {debuggerAddress: localhost:57210}, handlesAlerts: true, hasTouchScreen: false, javascriptEnabled: true, locationContextEnabled: true, mobileEmulationEnabled: false, nativeEvents: true, networkConnectionEnabled: false, pageLoadStrategy: normal, platform: XP, platformName: XP, rotatable: false, setWindowRect: true, takesHeapSnapshot: true, takesScreenshot: true, unexpectedAlertBehaviour: , unhandledPromptBehavior: , version: 76.0.3809.100, webStorageEnabled: true}
Session ID: 3faee4278af7759ff1aadfab895ddc41
	at org.openqa.selenium.remote.ErrorHandler.createThrowable(ErrorHandler.java:214)
	at org.openqa.selenium.remote.ErrorHandler.throwIfResponseFailed(ErrorHandler.java:166)
	at org.openqa.selenium.remote.http.JsonHttpResponseCodec.reconstructValue(JsonHttpResponseCodec.java:40)
	at org.openqa.selenium.remote.http.AbstractHttpResponseCodec.decode(AbstractHttpResponseCodec.java:80)
	at org.openqa.selenium.remote.http.AbstractHttpResponseCodec.decode(AbstractHttpResponseCodec.java:44)
	at org.openqa.selenium.remote.HttpCommandExecutor.execute(HttpCommandExecutor.java:158)
	at org.openqa.selenium.remote.service.DriverCommandExecutor.execute(DriverCommandExecutor.java:83)
	at org.openqa.selenium.remote.RemoteWebDriver.execute(RemoteWebDriver.java:548)
	at org.openqa.selenium.remote.RemoteWebElement.execute(RemoteWebElement.java:276)
	at org.openqa.selenium.remote.RemoteWebElement.click(RemoteWebElement.java:83)
	at ApodGUI.Scheduling.DeleteViewlet(Scheduling.java:510)
	at ApodGUI.Scheduling.QueuesScheduling(Scheduling.java:145)
... Removed 28 stack frames
</div> <!-- stack-trace -->
                </div> <!-- method-content -->
              </div> <!-- method -->
              <div class="method">
                <div class="method-content">
                  <a name="RouteScheduling(ScheduleViewletObject, Apr, 2028, org.testng.TestRunner@740fb309)">
                  </a> <!-- RouteScheduling(ScheduleViewletObject, Apr, 2028, org.testng.TestRunner@740fb309) -->
                  <span class="method-name">RouteScheduling</span>
                  <span class="parameters">(ScheduleViewletObject, Apr, 2028, org.testng.TestRunner@740fb309)</span>
                  <div class="stack-trace">org.openqa.selenium.WebDriverException: unknown error: Element &lt;div _ngcontent-c21=&quot;&quot; class=&quot;fa fa-angle-down fa-2x arrow ng-star-inserted&quot; data-arrow=&quot;viewletArrow&quot; id=&quot;dropdownMenuButton&quot;&gt;&lt;/div&gt; is not clickable at point (1866, 185). Other element would receive the click: &lt;ngb-modal-window role=&quot;dialog&quot; tabindex=&quot;-1&quot; class=&quot;modal fade show d-block&quot;&gt;...&lt;/ngb-modal-window&gt;
  (Session info: chrome=76.0.3809.100)
  (Driver info: chromedriver=2.41.578737 (49da6702b16031c40d63e5618de03a32ff6c197e),platform=Windows NT 10.0.17134 x86_64) (WARNING: The server did not provide any stacktrace information)
Command duration or timeout: 0 milliseconds
Build info: version: &apos;3.14.0&apos;, revision: &apos;aacccce0&apos;, time: &apos;2018-08-02T20:05:20.749Z&apos;
System info: host: &apos;DESKTOP-7T1JQ3H&apos;, ip: &apos;172.30.192.1&apos;, os.name: &apos;Windows 10&apos;, os.arch: &apos;amd64&apos;, os.version: &apos;10.0&apos;, java.version: &apos;1.8.0_191&apos;
Driver info: org.openqa.selenium.chrome.ChromeDriver
Capabilities {acceptInsecureCerts: false, acceptSslCerts: false, applicationCacheEnabled: false, browserConnectionEnabled: false, browserName: chrome, chrome: {chromedriverVersion: 2.41.578737 (49da6702b16031..., userDataDir: C:\Users\nastel3\AppData\Lo...}, cssSelectorsEnabled: true, databaseEnabled: false, goog:chromeOptions: {debuggerAddress: localhost:57210}, handlesAlerts: true, hasTouchScreen: false, javascriptEnabled: true, locationContextEnabled: true, mobileEmulationEnabled: false, nativeEvents: true, networkConnectionEnabled: false, pageLoadStrategy: normal, platform: XP, platformName: XP, rotatable: false, setWindowRect: true, takesHeapSnapshot: true, takesScreenshot: true, unexpectedAlertBehaviour: , unhandledPromptBehavior: , version: 76.0.3809.100, webStorageEnabled: true}
Session ID: 3faee4278af7759ff1aadfab895ddc41
	at org.openqa.selenium.remote.ErrorHandler.createThrowable(ErrorHandler.java:214)
	at org.openqa.selenium.remote.ErrorHandler.throwIfResponseFailed(ErrorHandler.java:166)
	at org.openqa.selenium.remote.http.JsonHttpResponseCodec.reconstructValue(JsonHttpResponseCodec.java:40)
	at org.openqa.selenium.remote.http.AbstractHttpResponseCodec.decode(AbstractHttpResponseCodec.java:80)
	at org.openqa.selenium.remote.http.AbstractHttpResponseCodec.decode(AbstractHttpResponseCodec.java:44)
	at org.openqa.selenium.remote.HttpCommandExecutor.execute(HttpCommandExecutor.java:158)
	at org.openqa.selenium.remote.service.DriverCommandExecutor.execute(DriverCommandExecutor.java:83)
	at org.openqa.selenium.remote.RemoteWebDriver.execute(RemoteWebDriver.java:548)
	at org.openqa.selenium.remote.RemoteWebElement.execute(RemoteWebElement.java:276)
	at org.openqa.selenium.remote.RemoteWebElement.click(RemoteWebElement.java:83)
	at ApodGUI.Scheduling.DeleteViewlet(Scheduling.java:510)
	at ApodGUI.Scheduling.RouteScheduling(Scheduling.java:309)
... Removed 28 stack frames
</div> <!-- stack-trace -->
                </div> <!-- method-content -->
              </div> <!-- method -->
              <div class="method">
                <div class="method-content">
                  <a name="SubScriptionScheduling(ScheduleViewletObject, Apr, 2028, org.testng.TestRunner@740fb309)">
                  </a> <!-- SubScriptionScheduling(ScheduleViewletObject, Apr, 2028, org.testng.TestRunner@740fb309) -->
                  <span class="method-name">SubScriptionScheduling</span>
                  <span class="parameters">(ScheduleViewletObject, Apr, 2028, org.testng.TestRunner@740fb309)</span>
                  <div class="stack-trace">org.openqa.selenium.WebDriverException: unknown error: Element &lt;div _ngcontent-c21=&quot;&quot; class=&quot;fa fa-angle-down fa-2x arrow ng-star-inserted&quot; data-arrow=&quot;viewletArrow&quot; id=&quot;dropdownMenuButton&quot;&gt;&lt;/div&gt; is not clickable at point (1866, 185). Other element would receive the click: &lt;ngb-modal-window role=&quot;dialog&quot; tabindex=&quot;-1&quot; class=&quot;modal fade show d-block&quot;&gt;...&lt;/ngb-modal-window&gt;
  (Session info: chrome=76.0.3809.100)
  (Driver info: chromedriver=2.41.578737 (49da6702b16031c40d63e5618de03a32ff6c197e),platform=Windows NT 10.0.17134 x86_64) (WARNING: The server did not provide any stacktrace information)
Command duration or timeout: 0 milliseconds
Build info: version: &apos;3.14.0&apos;, revision: &apos;aacccce0&apos;, time: &apos;2018-08-02T20:05:20.749Z&apos;
System info: host: &apos;DESKTOP-7T1JQ3H&apos;, ip: &apos;172.30.192.1&apos;, os.name: &apos;Windows 10&apos;, os.arch: &apos;amd64&apos;, os.version: &apos;10.0&apos;, java.version: &apos;1.8.0_191&apos;
Driver info: org.openqa.selenium.chrome.ChromeDriver
Capabilities {acceptInsecureCerts: false, acceptSslCerts: false, applicationCacheEnabled: false, browserConnectionEnabled: false, browserName: chrome, chrome: {chromedriverVersion: 2.41.578737 (49da6702b16031..., userDataDir: C:\Users\nastel3\AppData\Lo...}, cssSelectorsEnabled: true, databaseEnabled: false, goog:chromeOptions: {debuggerAddress: localhost:57210}, handlesAlerts: true, hasTouchScreen: false, javascriptEnabled: true, locationContextEnabled: true, mobileEmulationEnabled: false, nativeEvents: true, networkConnectionEnabled: false, pageLoadStrategy: normal, platform: XP, platformName: XP, rotatable: false, setWindowRect: true, takesHeapSnapshot: true, takesScreenshot: true, unexpectedAlertBehaviour: , unhandledPromptBehavior: , version: 76.0.3809.100, webStorageEnabled: true}
Session ID: 3faee4278af7759ff1aadfab895ddc41
	at org.openqa.selenium.remote.ErrorHandler.createThrowable(ErrorHandler.java:214)
	at org.openqa.selenium.remote.ErrorHandler.throwIfResponseFailed(ErrorHandler.java:166)
	at org.openqa.selenium.remote.http.JsonHttpResponseCodec.reconstructValue(JsonHttpResponseCodec.java:40)
	at org.openqa.selenium.remote.http.AbstractHttpResponseCodec.decode(AbstractHttpResponseCodec.java:80)
	at org.openqa.selenium.remote.http.AbstractHttpResponseCodec.decode(AbstractHttpResponseCodec.java:44)
	at org.openqa.selenium.remote.HttpCommandExecutor.execute(HttpCommandExecutor.java:158)
	at org.openqa.selenium.remote.service.DriverCommandExecutor.execute(DriverCommandExecutor.java:83)
	at org.openqa.selenium.remote.RemoteWebDriver.execute(RemoteWebDriver.java:548)
	at org.openqa.selenium.remote.RemoteWebElement.execute(RemoteWebElement.java:276)
	at org.openqa.selenium.remote.RemoteWebElement.click(RemoteWebElement.java:83)
	at ApodGUI.Scheduling.DeleteViewlet(Scheduling.java:510)
	at ApodGUI.Scheduling.SubScriptionScheduling(Scheduling.java:283)
... Removed 28 stack frames
</div> <!-- stack-trace -->
                </div> <!-- method-content -->
              </div> <!-- method -->
              <div class="method">
                <div class="method-content">
                  <a name="TopicScheduling(ScheduleViewletObject, Apr, 2028, org.testng.TestRunner@740fb309)">
                  </a> <!-- TopicScheduling(ScheduleViewletObject, Apr, 2028, org.testng.TestRunner@740fb309) -->
                  <span class="method-name">TopicScheduling</span>
                  <span class="parameters">(ScheduleViewletObject, Apr, 2028, org.testng.TestRunner@740fb309)</span>
                  <div class="stack-trace">org.openqa.selenium.WebDriverException: unknown error: Element &lt;div _ngcontent-c21=&quot;&quot; class=&quot;fa fa-angle-down fa-2x arrow ng-star-inserted&quot; data-arrow=&quot;viewletArrow&quot; id=&quot;dropdownMenuButton&quot;&gt;&lt;/div&gt; is not clickable at point (1866, 185). Other element would receive the click: &lt;ngb-modal-window role=&quot;dialog&quot; tabindex=&quot;-1&quot; class=&quot;modal fade show d-block&quot;&gt;...&lt;/ngb-modal-window&gt;
  (Session info: chrome=76.0.3809.100)
  (Driver info: chromedriver=2.41.578737 (49da6702b16031c40d63e5618de03a32ff6c197e),platform=Windows NT 10.0.17134 x86_64) (WARNING: The server did not provide any stacktrace information)
Command duration or timeout: 0 milliseconds
Build info: version: &apos;3.14.0&apos;, revision: &apos;aacccce0&apos;, time: &apos;2018-08-02T20:05:20.749Z&apos;
System info: host: &apos;DESKTOP-7T1JQ3H&apos;, ip: &apos;172.30.192.1&apos;, os.name: &apos;Windows 10&apos;, os.arch: &apos;amd64&apos;, os.version: &apos;10.0&apos;, java.version: &apos;1.8.0_191&apos;
Driver info: org.openqa.selenium.chrome.ChromeDriver
Capabilities {acceptInsecureCerts: false, acceptSslCerts: false, applicationCacheEnabled: false, browserConnectionEnabled: false, browserName: chrome, chrome: {chromedriverVersion: 2.41.578737 (49da6702b16031..., userDataDir: C:\Users\nastel3\AppData\Lo...}, cssSelectorsEnabled: true, databaseEnabled: false, goog:chromeOptions: {debuggerAddress: localhost:57210}, handlesAlerts: true, hasTouchScreen: false, javascriptEnabled: true, locationContextEnabled: true, mobileEmulationEnabled: false, nativeEvents: true, networkConnectionEnabled: false, pageLoadStrategy: normal, platform: XP, platformName: XP, rotatable: false, setWindowRect: true, takesHeapSnapshot: true, takesScreenshot: true, unexpectedAlertBehaviour: , unhandledPromptBehavior: , version: 76.0.3809.100, webStorageEnabled: true}
Session ID: 3faee4278af7759ff1aadfab895ddc41
	at org.openqa.selenium.remote.ErrorHandler.createThrowable(ErrorHandler.java:214)
	at org.openqa.selenium.remote.ErrorHandler.throwIfResponseFailed(ErrorHandler.java:166)
	at org.openqa.selenium.remote.http.JsonHttpResponseCodec.reconstructValue(JsonHttpResponseCodec.java:40)
	at org.openqa.selenium.remote.http.AbstractHttpResponseCodec.decode(AbstractHttpResponseCodec.java:80)
	at org.openqa.selenium.remote.http.AbstractHttpResponseCodec.decode(AbstractHttpResponseCodec.java:44)
	at org.openqa.selenium.remote.HttpCommandExecutor.execute(HttpCommandExecutor.java:158)
	at org.openqa.selenium.remote.service.DriverCommandExecutor.execute(DriverCommandExecutor.java:83)
	at org.openqa.selenium.remote.RemoteWebDriver.execute(RemoteWebDriver.java:548)
	at org.openqa.selenium.remote.RemoteWebElement.execute(RemoteWebElement.java:276)
	at org.openqa.selenium.remote.RemoteWebElement.click(RemoteWebElement.java:83)
	at ApodGUI.Scheduling.DeleteViewlet(Scheduling.java:510)
	at ApodGUI.Scheduling.TopicScheduling(Scheduling.java:233)
... Removed 28 stack frames
</div> <!-- stack-trace -->
                </div> <!-- method-content -->
              </div> <!-- method -->
            </div> <!-- main-panel-content rounded-window-bottom -->
          </div> <!-- suite-Navigator-class-failed -->
          <div class="suite-Navigator-class-passed">
            <div class="main-panel-header rounded-window-top">
              <img src="passed.png"/>
              <span class="class-name">ApodGUI.Scheduling</span>
            </div> <!-- main-panel-header rounded-window-top -->
            <div class="main-panel-content rounded-window-bottom">
              <div class="method">
                <div class="method-content">
                  <a name="Login(webdriver.chrome.driver, Drivers/chromedriver.exe, Scheduling)">
                  </a> <!-- Login(webdriver.chrome.driver, Drivers/chromedriver.exe, Scheduling) -->
                  <span class="method-name">Login</span>
                  <span class="parameters">(webdriver.chrome.driver, Drivers/chromedriver.exe, Scheduling)</span>
                </div> <!-- method-content -->
              </div> <!-- method -->
              <div class="method">
                <div class="method-content">
                  <a name="Logout">
                  </a> <!-- Logout -->
                  <span class="method-name">Logout</span>
                </div> <!-- method-content -->
              </div> <!-- method -->
              <div class="method">
                <div class="method-content">
                  <a name="ManagerScheduling(ScheduleViewletObject, Apr, 2028, org.testng.TestRunner@740fb309)">
                  </a> <!-- ManagerScheduling(ScheduleViewletObject, Apr, 2028, org.testng.TestRunner@740fb309) -->
                  <span class="method-name">ManagerScheduling</span>
                  <span class="parameters">(ScheduleViewletObject, Apr, 2028, org.testng.TestRunner@740fb309)</span>
                </div> <!-- method-content -->
              </div> <!-- method -->
            </div> <!-- main-panel-content rounded-window-bottom -->
          </div> <!-- suite-Navigator-class-passed -->
        </div> <!-- panel Navigator -->
        <div panel-name="test-xml-Navigator" class="panel">
          <div class="main-panel-header rounded-window-top">
            <span class="header-content">C:\Users\nastel3\git\NavigatorGUI\Schedule.xml</span>
          </div> <!-- main-panel-header rounded-window-top -->
          <div class="main-panel-content rounded-window-bottom">
            <pre>
&lt;?xml version=&quot;1.0&quot; encoding=&quot;UTF-8&quot;?&gt;
&lt;!DOCTYPE suite SYSTEM &quot;http://testng.org/testng-1.0.dtd&quot;&gt;
&lt;suite guice-stage=&quot;DEVELOPMENT&quot; name=&quot;Navigator&quot;&gt;
  &lt;test name=&quot;Schedule&quot;&gt;
    &lt;parameter name=&quot;ViewletName&quot; value=&quot;ScheduleViewletObject&quot;/&gt;
    &lt;parameter name=&quot;Dashboardname&quot; value=&quot;Scheduling&quot;/&gt;
    &lt;parameter name=&quot;password&quot; value=&quot;admin&quot;/&gt;
    &lt;parameter name=&quot;WGSName&quot; value=&quot;WGS10 - 1&quot;/&gt;
    &lt;parameter name=&quot;uname&quot; value=&quot;Admin&quot;/&gt;
    &lt;parameter name=&quot;sDriver&quot; value=&quot;webdriver.chrome.driver&quot;/&gt;
    &lt;parameter name=&quot;sDriverpath&quot; value=&quot;Drivers/chromedriver.exe&quot;/&gt;
    &lt;parameter name=&quot;NameOfTheMonth&quot; value=&quot;Apr&quot;/&gt;
    &lt;parameter name=&quot;YearValue&quot; value=&quot;2028&quot;/&gt;
    &lt;parameter name=&quot;URL&quot; value=&quot;/navigator/#/login&quot;/&gt;
    &lt;classes&gt;
      &lt;class name=&quot;ApodGUI.Scheduling&quot;&gt;
        &lt;methods&gt;
          &lt;include name=&quot;Login&quot;/&gt;
          &lt;include name=&quot;ManagerScheduling&quot;/&gt;
          &lt;include name=&quot;QueuesScheduling&quot;/&gt;
          &lt;include name=&quot;ChannelScheduling&quot;/&gt;
          &lt;include name=&quot;ProcessScheduling&quot;/&gt;
          &lt;include name=&quot;TopicScheduling&quot;/&gt;
          &lt;include name=&quot;ListenerScheduling&quot;/&gt;
          &lt;include name=&quot;SubScriptionScheduling&quot;/&gt;
          &lt;include name=&quot;RouteScheduling&quot;/&gt;
          &lt;include name=&quot;BridgeScheduling&quot;/&gt;
          &lt;include name=&quot;DurableScheduling&quot;/&gt;
          &lt;include name=&quot;Logout&quot;/&gt;
        &lt;/methods&gt;
      &lt;/class&gt; &lt;!-- ApodGUI.Scheduling --&gt;
    &lt;/classes&gt;
  &lt;/test&gt; &lt;!-- Schedule --&gt;
  &lt;test name=&quot;Schedule(failed)&quot;&gt;
    &lt;parameter name=&quot;ViewletName&quot; value=&quot;ScheduleViewletObject&quot;/&gt;
    &lt;parameter name=&quot;Dashboardname&quot; value=&quot;Scheduling&quot;/&gt;
    &lt;parameter name=&quot;password&quot; value=&quot;admin&quot;/&gt;
    &lt;parameter name=&quot;WGSName&quot; value=&quot;WGS10 - 1&quot;/&gt;
    &lt;parameter name=&quot;uname&quot; value=&quot;Admin&quot;/&gt;
    &lt;parameter name=&quot;sDriver&quot; value=&quot;webdriver.chrome.driver&quot;/&gt;
    &lt;parameter name=&quot;sDriverpath&quot; value=&quot;Drivers/chromedriver.exe&quot;/&gt;
    &lt;parameter name=&quot;NameOfTheMonth&quot; value=&quot;Apr&quot;/&gt;
    &lt;parameter name=&quot;YearValue&quot; value=&quot;2028&quot;/&gt;
    &lt;parameter name=&quot;URL&quot; value=&quot;/navigator/#/login&quot;/&gt;
    &lt;classes&gt;
      &lt;class name=&quot;ApodGUI.Scheduling&quot;&gt;
        &lt;methods&gt;
          &lt;include name=&quot;ProcessScheduling&quot; invocation-numbers=&quot;0&quot;/&gt;
          &lt;include name=&quot;ListenerScheduling&quot; invocation-numbers=&quot;0&quot;/&gt;
          &lt;include name=&quot;beforeTest&quot;/&gt;
          &lt;include name=&quot;TopicScheduling&quot; invocation-numbers=&quot;0&quot;/&gt;
          &lt;include name=&quot;SubScriptionScheduling&quot; invocation-numbers=&quot;0&quot;/&gt;
          &lt;include name=&quot;RouteScheduling&quot; invocation-numbers=&quot;0&quot;/&gt;
          &lt;include name=&quot;tearDown&quot;/&gt;
          &lt;include name=&quot;BridgeScheduling&quot; invocation-numbers=&quot;0&quot;/&gt;
          &lt;include name=&quot;ChannelScheduling&quot; invocation-numbers=&quot;0&quot;/&gt;
          &lt;include name=&quot;DurableScheduling&quot; invocation-numbers=&quot;0&quot;/&gt;
          &lt;include name=&quot;QueuesScheduling&quot; invocation-numbers=&quot;0&quot;/&gt;
        &lt;/methods&gt;
      &lt;/class&gt; &lt;!-- ApodGUI.Scheduling --&gt;
    &lt;/classes&gt;
  &lt;/test&gt; &lt;!-- Schedule(failed) --&gt;
&lt;/suite&gt; &lt;!-- Navigator --&gt;
            </pre>
          </div> <!-- main-panel-content rounded-window-bottom -->
        </div> <!-- panel -->
        <div panel-name="testlist-Navigator" class="panel">
          <div class="main-panel-header rounded-window-top">
            <span class="header-content">Tests for Navigator</span>
          </div> <!-- main-panel-header rounded-window-top -->
          <div class="main-panel-content rounded-window-bottom">
            <ul>
              <li>
                <span class="test-name">Schedule (1 class)</span>
              </li>
              <li>
                <span class="test-name">Schedule(failed) (1 class)</span>
              </li>
            </ul>
          </div> <!-- main-panel-content rounded-window-bottom -->
        </div> <!-- panel -->
        <div panel-name="group-Navigator" class="panel">
          <div class="main-panel-header rounded-window-top">
            <span class="header-content">Groups for Navigator</span>
          </div> <!-- main-panel-header rounded-window-top -->
          <div class="main-panel-content rounded-window-bottom">
          </div> <!-- main-panel-content rounded-window-bottom -->
        </div> <!-- panel -->
        <div panel-name="times-Navigator" class="panel">
          <div class="main-panel-header rounded-window-top">
            <span class="header-content">Times for Navigator</span>
          </div> <!-- main-panel-header rounded-window-top -->
          <div class="main-panel-content rounded-window-bottom">
            <div class="times-div">
              <script type="text/javascript">
suiteTableInitFunctions.push('tableData_Navigator');
function tableData_Navigator() {
var data = new google.visualization.DataTable();
data.addColumn('number', 'Number');
data.addColumn('string', 'Method');
data.addColumn('string', 'Class');
data.addColumn('number', 'Time (ms)');
data.addRows(12);
data.setCell(0, 0, 0)
data.setCell(0, 1, 'ManagerScheduling')
data.setCell(0, 2, 'ApodGUI.Scheduling')
data.setCell(0, 3, 56845);
data.setCell(1, 0, 1)
data.setCell(1, 1, 'BridgeScheduling')
data.setCell(1, 2, 'ApodGUI.Scheduling')
data.setCell(1, 3, 19393);
data.setCell(2, 0, 2)
data.setCell(2, 1, 'DurableScheduling')
data.setCell(2, 2, 'ApodGUI.Scheduling')
data.setCell(2, 3, 19329);
data.setCell(3, 0, 3)
data.setCell(3, 1, 'Login')
data.setCell(3, 2, 'ApodGUI.Scheduling')
data.setCell(3, 3, 13899);
data.setCell(4, 0, 4)
data.setCell(4, 1, 'Logout')
data.setCell(4, 2, 'ApodGUI.Scheduling')
data.setCell(4, 3, 8942);
data.setCell(5, 0, 5)
data.setCell(5, 1, 'ChannelScheduling')
data.setCell(5, 2, 'ApodGUI.Scheduling')
data.setCell(5, 3, 98);
data.setCell(6, 0, 6)
data.setCell(6, 1, 'ProcessScheduling')
data.setCell(6, 2, 'ApodGUI.Scheduling')
data.setCell(6, 3, 94);
data.setCell(7, 0, 7)
data.setCell(7, 1, 'RouteScheduling')
data.setCell(7, 2, 'ApodGUI.Scheduling')
data.setCell(7, 3, 93);
data.setCell(8, 0, 8)
data.setCell(8, 1, 'QueuesScheduling')
data.setCell(8, 2, 'ApodGUI.Scheduling')
data.setCell(8, 3, 84);
data.setCell(9, 0, 9)
data.setCell(9, 1, 'SubScriptionScheduling')
data.setCell(9, 2, 'ApodGUI.Scheduling')
data.setCell(9, 3, 75);
data.setCell(10, 0, 10)
data.setCell(10, 1, 'ListenerScheduling')
data.setCell(10, 2, 'ApodGUI.Scheduling')
data.setCell(10, 3, 69);
data.setCell(11, 0, 11)
data.setCell(11, 1, 'TopicScheduling')
data.setCell(11, 2, 'ApodGUI.Scheduling')
data.setCell(11, 3, 51);
window.suiteTableData['Navigator']= { tableData: data, tableDiv: 'times-div-Navigator'}
return data;
}
              </script>
              <span class="suite-total-time">Total running time: 1 minutes</span>
              <div id="times-div-Navigator">
              </div> <!-- times-div-Navigator -->
            </div> <!-- times-div -->
          </div> <!-- main-panel-content rounded-window-bottom -->
        </div> <!-- panel -->
        <div panel-name="reporter-Navigator" class="panel">
          <div class="main-panel-header rounded-window-top">
            <span class="header-content">Reporter output for Navigator</span>
          </div> <!-- main-panel-header rounded-window-top -->
          <div class="main-panel-content rounded-window-bottom">
            <div class="reporter-method-div">
              <span class="reporter-method-name">Login(webdriver.chrome.driver, Drivers/chromedriver.exe, Scheduling)</span>
              <div class="reporter-method-output-div">
                <span class="reporter-method-output"><br/></span>
                <span class="reporter-method-output"><img src=" C:\Users\nastel3\git\NavigatorGUI/Screenshots/ScreenshotsSuccess/Login.png" alt="""/" /></span>
              </div> <!-- reporter-method-output-div -->
            </div> <!-- reporter-method-div -->
            <div class="reporter-method-div">
              <span class="reporter-method-name">ManagerScheduling(ScheduleViewletObject, Apr, 2028, org.testng.TestRunner@740fb309)</span>
              <div class="reporter-method-output-div">
                <span class="reporter-method-output"><br/></span>
                <span class="reporter-method-output"><img src=" C:\Users\nastel3\git\NavigatorGUI/Screenshots/ScreenshotsSuccess/ManagerScheduling.png" alt="""/" /></span>
              </div> <!-- reporter-method-output-div -->
            </div> <!-- reporter-method-div -->
            <div class="reporter-method-div">
              <span class="reporter-method-name">BridgeScheduling(ScheduleViewletObject, Apr, 2028, org.testng.TestRunner@740fb309)</span>
              <div class="reporter-method-output-div">
                <span class="reporter-method-output"><br/>Failed to execute method: BridgeScheduling<br/></span>
                <span class="reporter-method-output"><br/></span>
                <span class="reporter-method-output"><img src=" C:\Users\nastel3\git\NavigatorGUI/Screenshots/ScreenshotsFailure/BridgeScheduling.png" alt="""/" /></span>
              </div> <!-- reporter-method-output-div -->
            </div> <!-- reporter-method-div -->
            <div class="reporter-method-div">
              <span class="reporter-method-name">DurableScheduling(ScheduleViewletObject, Apr, 2028, org.testng.TestRunner@740fb309)</span>
              <div class="reporter-method-output-div">
                <span class="reporter-method-output"><br/>Failed to execute method: DurableScheduling<br/></span>
                <span class="reporter-method-output"><br/></span>
                <span class="reporter-method-output"><img src=" C:\Users\nastel3\git\NavigatorGUI/Screenshots/ScreenshotsFailure/DurableScheduling.png" alt="""/" /></span>
              </div> <!-- reporter-method-output-div -->
            </div> <!-- reporter-method-div -->
            <div class="reporter-method-div">
              <span class="reporter-method-name">ChannelScheduling(ScheduleViewletObject, Apr, 2028, org.testng.TestRunner@740fb309)</span>
              <div class="reporter-method-output-div">
                <span class="reporter-method-output"><br/>Failed to execute method: ChannelScheduling<br/></span>
                <span class="reporter-method-output"><br/></span>
                <span class="reporter-method-output"><img src=" C:\Users\nastel3\git\NavigatorGUI/Screenshots/ScreenshotsFailure/ChannelScheduling.png" alt="""/" /></span>
              </div> <!-- reporter-method-output-div -->
            </div> <!-- reporter-method-div -->
            <div class="reporter-method-div">
              <span class="reporter-method-name">RouteScheduling(ScheduleViewletObject, Apr, 2028, org.testng.TestRunner@740fb309)</span>
              <div class="reporter-method-output-div">
                <span class="reporter-method-output"><br/>Failed to execute method: RouteScheduling<br/></span>
                <span class="reporter-method-output"><br/></span>
                <span class="reporter-method-output"><img src=" C:\Users\nastel3\git\NavigatorGUI/Screenshots/ScreenshotsFailure/RouteScheduling.png" alt="""/" /></span>
              </div> <!-- reporter-method-output-div -->
            </div> <!-- reporter-method-div -->
            <div class="reporter-method-div">
              <span class="reporter-method-name">TopicScheduling(ScheduleViewletObject, Apr, 2028, org.testng.TestRunner@740fb309)</span>
              <div class="reporter-method-output-div">
                <span class="reporter-method-output"><br/>Failed to execute method: TopicScheduling<br/></span>
                <span class="reporter-method-output"><br/></span>
                <span class="reporter-method-output"><img src=" C:\Users\nastel3\git\NavigatorGUI/Screenshots/ScreenshotsFailure/TopicScheduling.png" alt="""/" /></span>
              </div> <!-- reporter-method-output-div -->
            </div> <!-- reporter-method-div -->
            <div class="reporter-method-div">
              <span class="reporter-method-name">ProcessScheduling(ScheduleViewletObject, Apr, 2028, org.testng.TestRunner@740fb309)</span>
              <div class="reporter-method-output-div">
                <span class="reporter-method-output"><br/>Failed to execute method: ProcessScheduling<br/></span>
                <span class="reporter-method-output"><br/></span>
                <span class="reporter-method-output"><img src=" C:\Users\nastel3\git\NavigatorGUI/Screenshots/ScreenshotsFailure/ProcessScheduling.png" alt="""/" /></span>
              </div> <!-- reporter-method-output-div -->
            </div> <!-- reporter-method-div -->
            <div class="reporter-method-div">
              <span class="reporter-method-name">ListenerScheduling(ScheduleViewletObject, Apr, 2028, org.testng.TestRunner@740fb309)</span>
              <div class="reporter-method-output-div">
                <span class="reporter-method-output"><br/>Failed to execute method: ListenerScheduling<br/></span>
                <span class="reporter-method-output"><br/></span>
                <span class="reporter-method-output"><img src=" C:\Users\nastel3\git\NavigatorGUI/Screenshots/ScreenshotsFailure/ListenerScheduling.png" alt="""/" /></span>
              </div> <!-- reporter-method-output-div -->
            </div> <!-- reporter-method-div -->
            <div class="reporter-method-div">
              <span class="reporter-method-name">SubScriptionScheduling(ScheduleViewletObject, Apr, 2028, org.testng.TestRunner@740fb309)</span>
              <div class="reporter-method-output-div">
                <span class="reporter-method-output"><br/>Failed to execute method: SubScriptionScheduling<br/></span>
                <span class="reporter-method-output"><br/></span>
                <span class="reporter-method-output"><img src=" C:\Users\nastel3\git\NavigatorGUI/Screenshots/ScreenshotsFailure/SubScriptionScheduling.png" alt="""/" /></span>
              </div> <!-- reporter-method-output-div -->
            </div> <!-- reporter-method-div -->
            <div class="reporter-method-div">
              <span class="reporter-method-name">QueuesScheduling(ScheduleViewletObject, Apr, 2028, org.testng.TestRunner@740fb309)</span>
              <div class="reporter-method-output-div">
                <span class="reporter-method-output"><br/>Failed to execute method: QueuesScheduling<br/></span>
                <span class="reporter-method-output"><br/></span>
                <span class="reporter-method-output"><img src=" C:\Users\nastel3\git\NavigatorGUI/Screenshots/ScreenshotsFailure/QueuesScheduling.png" alt="""/" /></span>
              </div> <!-- reporter-method-output-div -->
            </div> <!-- reporter-method-div -->
          </div> <!-- main-panel-content rounded-window-bottom -->
        </div> <!-- panel -->
        <div panel-name="ignored-methods-Navigator" class="panel">
          <div class="main-panel-header rounded-window-top">
            <span class="header-content">0 ignored methods</span>
          </div> <!-- main-panel-header rounded-window-top -->
          <div class="main-panel-content rounded-window-bottom">
          </div> <!-- main-panel-content rounded-window-bottom -->
        </div> <!-- panel -->
        <div panel-name="chronological-Navigator" class="panel">
          <div class="main-panel-header rounded-window-top">
            <span class="header-content">Methods in chronological order</span>
          </div> <!-- main-panel-header rounded-window-top -->
          <div class="main-panel-content rounded-window-bottom">
            <div class="chronological-class">
              <div class="chronological-class-name">ApodGUI.Scheduling</div> <!-- chronological-class-name -->
              <div class="configuration-test before">
                <span class="method-name">beforeTest</span>
                <span class="method-start">0 ms</span>
              </div> <!-- configuration-test before -->
              <div class="test-method">
                <span class="method-name">Login(webdriver.chrome.driver, Drivers/chromedriver.exe, Scheduling)</span>
                <span class="method-start">36 ms</span>
              </div> <!-- test-method -->
              <div class="configuration-method after">
                <span class="method-name">tearDown([TestResult name=Login status=SUCCESS method=Scheduling.Login(java.lang.String, java.lang.String, ja...)</span>
                <span class="method-start">13937 ms</span>
              </div> <!-- configuration-method after -->
              <div class="test-method">
                <span class="method-name">ManagerScheduling(ScheduleViewletObject, Apr, 2028, org.testng.TestRunner@740fb309)</span>
                <span class="method-start">14465 ms</span>
              </div> <!-- test-method -->
              <div class="configuration-method after">
                <span class="method-name">tearDown([TestResult name=ManagerScheduling status=SUCCESS method=Scheduling.ManagerScheduling(java.lang.Stri...)</span>
                <span class="method-start">73899 ms</span>
              </div> <!-- configuration-method after -->
              <div class="test-method">
                <img src="failed.png">
                </img>
                <span class="method-name">QueuesScheduling(ScheduleViewletObject, Apr, 2028, org.testng.TestRunner@740fb309)</span>
                <span class="method-start">77711 ms</span>
              </div> <!-- test-method -->
              <div class="configuration-method after">
                <span class="method-name">tearDown([TestResult name=QueuesScheduling status=FAILURE method=Scheduling.QueuesScheduling(java.lang.String...)</span>
                <span class="method-start">79625 ms</span>
              </div> <!-- configuration-method after -->
              <div class="test-method">
                <img src="failed.png">
                </img>
                <span class="method-name">ChannelScheduling(ScheduleViewletObject, Apr, 2028, org.testng.TestRunner@740fb309)</span>
                <span class="method-start">83084 ms</span>
              </div> <!-- test-method -->
              <div class="configuration-method after">
                <span class="method-name">tearDown([TestResult name=ChannelScheduling status=FAILURE method=Scheduling.ChannelScheduling(java.lang.Stri...)</span>
                <span class="method-start">85057 ms</span>
              </div> <!-- configuration-method after -->
              <div class="test-method">
                <img src="failed.png">
                </img>
                <span class="method-name">ProcessScheduling(ScheduleViewletObject, Apr, 2028, org.testng.TestRunner@740fb309)</span>
                <span class="method-start">87276 ms</span>
              </div> <!-- test-method -->
              <div class="configuration-method after">
                <span class="method-name">tearDown([TestResult name=ProcessScheduling status=FAILURE method=Scheduling.ProcessScheduling(java.lang.Stri...)</span>
                <span class="method-start">89558 ms</span>
              </div> <!-- configuration-method after -->
              <div class="test-method">
                <img src="failed.png">
                </img>
                <span class="method-name">TopicScheduling(ScheduleViewletObject, Apr, 2028, org.testng.TestRunner@740fb309)</span>
                <span class="method-start">93596 ms</span>
              </div> <!-- test-method -->
              <div class="configuration-method after">
                <span class="method-name">tearDown([TestResult name=TopicScheduling status=FAILURE method=Scheduling.TopicScheduling(java.lang.String, ...)</span>
                <span class="method-start">95398 ms</span>
              </div> <!-- configuration-method after -->
              <div class="test-method">
                <img src="failed.png">
                </img>
                <span class="method-name">ListenerScheduling(ScheduleViewletObject, Apr, 2028, org.testng.TestRunner@740fb309)</span>
                <span class="method-start">97853 ms</span>
              </div> <!-- test-method -->
              <div class="configuration-method after">
                <span class="method-name">tearDown([TestResult name=ListenerScheduling status=FAILURE method=Scheduling.ListenerScheduling(java.lang.St...)</span>
                <span class="method-start">100137 ms</span>
              </div> <!-- configuration-method after -->
              <div class="test-method">
                <img src="failed.png">
                </img>
                <span class="method-name">SubScriptionScheduling(ScheduleViewletObject, Apr, 2028, org.testng.TestRunner@740fb309)</span>
                <span class="method-start">103679 ms</span>
              </div> <!-- test-method -->
              <div class="configuration-method after">
                <span class="method-name">tearDown([TestResult name=SubScriptionScheduling status=FAILURE method=Scheduling.SubScriptionScheduling(java...)</span>
                <span class="method-start">105650 ms</span>
              </div> <!-- configuration-method after -->
              <div class="test-method">
                <img src="failed.png">
                </img>
                <span class="method-name">RouteScheduling(ScheduleViewletObject, Apr, 2028, org.testng.TestRunner@740fb309)</span>
                <span class="method-start">109037 ms</span>
              </div> <!-- test-method -->
              <div class="configuration-method after">
                <span class="method-name">tearDown([TestResult name=RouteScheduling status=FAILURE method=Scheduling.RouteScheduling(java.lang.String, ...)</span>
                <span class="method-start">110924 ms</span>
              </div> <!-- configuration-method after -->
              <div class="test-method">
                <img src="failed.png">
                </img>
                <span class="method-name">BridgeScheduling(ScheduleViewletObject, Apr, 2028, org.testng.TestRunner@740fb309)</span>
                <span class="method-start">114597 ms</span>
              </div> <!-- test-method -->
              <div class="configuration-method after">
                <span class="method-name">tearDown([TestResult name=BridgeScheduling status=FAILURE method=Scheduling.BridgeScheduling(java.lang.String...)</span>
                <span class="method-start">136437 ms</span>
              </div> <!-- configuration-method after -->
              <div class="test-method">
                <img src="failed.png">
                </img>
                <span class="method-name">DurableScheduling(ScheduleViewletObject, Apr, 2028, org.testng.TestRunner@740fb309)</span>
                <span class="method-start">138869 ms</span>
              </div> <!-- test-method -->
              <div class="configuration-method after">
                <span class="method-name">tearDown([TestResult name=DurableScheduling status=FAILURE method=Scheduling.DurableScheduling(java.lang.Stri...)</span>
                <span class="method-start">160526 ms</span>
              </div> <!-- configuration-method after -->
              <div class="test-method">
                <span class="method-name">Logout</span>
                <span class="method-start">162813 ms</span>
              </div> <!-- test-method -->
              <div class="configuration-method after">
                <span class="method-name">tearDown([TestResult name=Logout status=SUCCESS method=Scheduling.Logout()[pri:25, instance:ApodGUI.Schedulin...)</span>
                <span class="method-start">171758 ms</span>
              </div> <!-- configuration-method after -->
          </div> <!-- main-panel-content rounded-window-bottom -->
        </div> <!-- panel -->
      </div> <!-- main-panel-root -->
    </div> <!-- wrapper -->
  </body>
</html>
